Class_Organizer/app/build/intermediates/manifest_merge_blame_file/release/manifest-merger-blame-release-report.txt
1<?xml version="1.0" encoding="utf-8"?>
2<manifest xmlns:android="http://schemas.android.com/apk/res/android"
3    package="com.example.gridlayout"
4    android:versionCode="1"
5    android:versionName="1.0" >
6
7    <uses-sdk
8        android:minSdkVersion="22"
8-->src/main/AndroidManifest.xml
9        android:targetSdkVersion="29" />
9-->src/main/AndroidManifest.xml
10
11    <uses-permission
11-->src/main/AndroidManifest.xml:5:5-7:38
12        android:name="android.permission.READ_EXTERNAL_STORAGE"
12-->src/main/AndroidManifest.xml:6:9-64
13        android:maxSdkVersion="28" />
13-->src/main/AndroidManifest.xml:7:9-35
14    <uses-permission
14-->src/main/AndroidManifest.xml:8:5-10:38
15        android:name="android.permission.WRITE_EXTERNAL_STORAGE"
15-->src/main/AndroidManifest.xml:9:9-65
16        android:maxSdkVersion="28" />
16-->src/main/AndroidManifest.xml:10:9-35
17    <uses-permission android:name="android.permission.INTERNET" />
17-->[com.google.firebase:firebase-auth:20.0.3] AndroidManifest.xml:23:5-67
17-->[com.google.firebase:firebase-auth:20.0.3] AndroidManifest.xml:23:22-64
18    <uses-permission android:name="android.permission.ACCESS_NETWORK_STATE" />
18-->[com.google.firebase:firebase-auth:20.0.3] AndroidManifest.xml:24:5-79
18-->[com.google.firebase:firebase-auth:20.0.3] AndroidManifest.xml:24:22-76
19    <uses-permission android:name="android.permission.WAKE_LOCK" /> <!-- Required by older versions of Google Play services to create IID tokens -->
19-->[com.google.firebase:firebase-iid:21.0.1] AndroidManifest.xml:24:5-68
19-->[com.google.firebase:firebase-iid:21.0.1] AndroidManifest.xml:24:22-65
20    <uses-permission android:name="com.google.android.c2dm.permission.RECEIVE" />
20-->[com.google.firebase:firebase-iid:21.0.1] AndroidManifest.xml:26:5-82
20-->[com.google.firebase:firebase-iid:21.0.1] AndroidManifest.xml:26:22-79
21    <uses-permission android:name="com.google.android.finsky.permission.BIND_GET_INSTALL_REFERRER_SERVICE" />
21-->[com.google.android.gms:play-services-measurement:18.0.2] AndroidManifest.xml:26:5-110
21-->[com.google.android.gms:play-services-measurement:18.0.2] AndroidManifest.xml:26:22-107
22
23    <application
23-->src/main/AndroidManifest.xml:12:5-76:19
24        android:allowBackup="true"
24-->src/main/AndroidManifest.xml:13:9-35
25        android:appComponentFactory="androidx.core.app.CoreComponentFactory"
25-->[androidx.core:core:1.2.0] AndroidManifest.xml:24:18-86
26        android:icon="@mipmap/ic_launcher"
26-->src/main/AndroidManifest.xml:14:9-43
27        android:label="@string/app_name"
27-->src/main/AndroidManifest.xml:15:9-41
28        android:requestLegacyExternalStorage="true"
28-->src/main/AndroidManifest.xml:16:9-52
29        android:roundIcon="@mipmap/ic_launcher_round"
29-->src/main/AndroidManifest.xml:17:9-54
30        android:supportsRtl="true"
30-->src/main/AndroidManifest.xml:18:9-35
31        android:theme="@style/AppTheme" >
31-->src/main/AndroidManifest.xml:19:9-40
32        <activity
32-->src/main/AndroidManifest.xml:20:9-22:40
33            android:name="com.example.gridlayout.SignIn_Admin"
33-->src/main/AndroidManifest.xml:21:13-41
34            android:exported="false" />
34-->src/main/AndroidManifest.xml:22:13-37
35        <activity
35-->src/main/AndroidManifest.xml:23:9-25:39
36            android:name="com.example.gridlayout.CR_PROFILE"
36-->src/main/AndroidManifest.xml:24:13-39
37            android:exported="true" />
37-->src/main/AndroidManifest.xml:25:13-36
38        <activity
38-->src/main/AndroidManifest.xml:26:9-28:39
39            android:name="com.example.gridlayout.CR_SignUP"
39-->src/main/AndroidManifest.xml:27:13-38
40            android:exported="true" />
40-->src/main/AndroidManifest.xml:28:13-36
41        <activity
41-->src/main/AndroidManifest.xml:29:9-31:39
42            android:name="com.example.gridlayout.Floor0"
42-->src/main/AndroidManifest.xml:30:13-35
43            android:exported="true" />
43-->src/main/AndroidManifest.xml:31:13-36
44        <activity
44-->src/main/AndroidManifest.xml:32:9-34:39
45            android:name="com.example.gridlayout.ClassRoom_F"
45-->src/main/AndroidManifest.xml:33:13-40
46            android:exported="true" />
46-->src/main/AndroidManifest.xml:34:13-36
47        <activity
47-->src/main/AndroidManifest.xml:35:9-37:39
48            android:name="com.example.gridlayout.Admin_Menu"
48-->src/main/AndroidManifest.xml:36:13-39
49            android:exported="true" />
49-->src/main/AndroidManifest.xml:37:13-36
50        <activity
50-->src/main/AndroidManifest.xml:38:9-40:39
51            android:name="com.example.gridlayout.Admin_Schedule"
51-->src/main/AndroidManifest.xml:39:13-43
52            android:exported="true" />
52-->src/main/AndroidManifest.xml:40:13-36
53        <activity
53-->src/main/AndroidManifest.xml:41:9-43:39
54            android:name="com.example.gridlayout.cse_32"
54-->src/main/AndroidManifest.xml:42:13-35
55            android:exported="true" />
55-->src/main/AndroidManifest.xml:43:13-36
56        <activity
56-->src/main/AndroidManifest.xml:44:9-46:39
57            android:name="com.example.gridlayout.dept_cse"
57-->src/main/AndroidManifest.xml:45:13-37
58            android:exported="true" />
58-->src/main/AndroidManifest.xml:46:13-36
59        <activity
59-->src/main/AndroidManifest.xml:47:9-49:39
60            android:name="com.example.gridlayout.Faculty"
60-->src/main/AndroidManifest.xml:48:13-36
61            android:exported="true" />
61-->src/main/AndroidManifest.xml:49:13-36
62        <activity
62-->src/main/AndroidManifest.xml:50:9-52:59
63            android:name="com.example.gridlayout.SignUP_Student"
63-->src/main/AndroidManifest.xml:51:13-43
64            android:theme="@style/AppTheme.NoActionBar" />
64-->src/main/AndroidManifest.xml:52:13-56
65        <activity
65-->src/main/AndroidManifest.xml:53:9-55:59
66            android:name="com.example.gridlayout.SignIn_Student"
66-->src/main/AndroidManifest.xml:54:13-43
67            android:theme="@style/AppTheme.NoActionBar" />
67-->src/main/AndroidManifest.xml:55:13-56
68        <activity
68-->src/main/AndroidManifest.xml:56:9-58:59
69            android:name="com.example.gridlayout.Student"
69-->src/main/AndroidManifest.xml:57:13-36
70            android:theme="@style/AppTheme.NoActionBar" />
70-->src/main/AndroidManifest.xml:58:13-56
71        <activity
71-->src/main/AndroidManifest.xml:59:9-61:59
72            android:name="com.example.gridlayout.Teacher"
72-->src/main/AndroidManifest.xml:60:13-36
73            android:theme="@style/AppTheme.NoActionBar" />
73-->src/main/AndroidManifest.xml:61:13-56
74        <activity
74-->src/main/AndroidManifest.xml:62:9-64:59
75            android:name="com.example.gridlayout.SignIn"
75-->src/main/AndroidManifest.xml:63:13-35
76            android:theme="@style/AppTheme.NoActionBar" />
76-->src/main/AndroidManifest.xml:64:13-56
77        <activity android:name="com.example.gridlayout.Profile" />
77-->src/main/AndroidManifest.xml:65:9-45
77-->src/main/AndroidManifest.xml:65:19-42
78        <activity
78-->src/main/AndroidManifest.xml:66:9-68:59
79            android:name="com.example.gridlayout.SignUp"
79-->src/main/AndroidManifest.xml:67:13-35
80            android:theme="@style/AppTheme.NoActionBar" />
80-->src/main/AndroidManifest.xml:68:13-56
81        <activity android:name="com.example.gridlayout.MainActivity" >
81-->src/main/AndroidManifest.xml:69:9-75:20
81-->src/main/AndroidManifest.xml:69:19-47
82            <intent-filter>
82-->src/main/AndroidManifest.xml:70:13-74:29
83                <action android:name="android.intent.action.MAIN" />
83-->src/main/AndroidManifest.xml:71:17-69
83-->src/main/AndroidManifest.xml:71:25-66
84
85                <category android:name="android.intent.category.LAUNCHER" />
85-->src/main/AndroidManifest.xml:73:17-77
85-->src/main/AndroidManifest.xml:73:27-74
86            </intent-filter>
87        </activity>
88        <activity
88-->[com.google.firebase:firebase-auth:20.0.3] AndroidManifest.xml:27:9-44:20
89            android:name="com.google.firebase.auth.internal.GenericIdpActivity"
89-->[com.google.firebase:firebase-auth:20.0.3] AndroidManifest.xml:28:13-80
90            android:excludeFromRecents="true"
90-->[com.google.firebase:firebase-auth:20.0.3] AndroidManifest.xml:29:13-46
91            android:exported="true"
91-->[com.google.firebase:firebase-auth:20.0.3] AndroidManifest.xml:30:13-36
92            android:launchMode="singleTask"
92-->[com.google.firebase:firebase-auth:20.0.3] AndroidManifest.xml:31:13-44
93            android:theme="@android:style/Theme.Translucent.NoTitleBar" >
93-->[com.google.firebase:firebase-auth:20.0.3] AndroidManifest.xml:32:13-72
94            <intent-filter>
94-->[com.google.firebase:firebase-auth:20.0.3] AndroidManifest.xml:33:13-43:29
95                <action android:name="android.intent.action.VIEW" />
95-->[com.google.firebase:firebase-auth:20.0.3] AndroidManifest.xml:34:17-69
95-->[com.google.firebase:firebase-auth:20.0.3] AndroidManifest.xml:34:25-66
96
97                <category android:name="android.intent.category.DEFAULT" />
97-->[com.google.firebase:firebase-auth:20.0.3] AndroidManifest.xml:36:17-76
97-->[com.google.firebase:firebase-auth:20.0.3] AndroidManifest.xml:36:27-73
98                <category android:name="android.intent.category.BROWSABLE" />
98-->[com.google.firebase:firebase-auth:20.0.3] AndroidManifest.xml:37:17-78
98-->[com.google.firebase:firebase-auth:20.0.3] AndroidManifest.xml:37:27-75
99
100                <data
100-->[com.google.firebase:firebase-auth:20.0.3] AndroidManifest.xml:39:17-42:51
101                    android:host="firebase.auth"
101-->[com.google.firebase:firebase-auth:20.0.3] AndroidManifest.xml:40:21-49
102                    android:path="/"
102-->[com.google.firebase:firebase-auth:20.0.3] AndroidManifest.xml:41:21-37
103                    android:scheme="genericidp" />
103-->[com.google.firebase:firebase-auth:20.0.3] AndroidManifest.xml:42:21-48
104            </intent-filter>
105        </activity>
106        <activity
106-->[com.google.firebase:firebase-auth:20.0.3] AndroidManifest.xml:45:9-62:20
107            android:name="com.google.firebase.auth.internal.RecaptchaActivity"
107-->[com.google.firebase:firebase-auth:20.0.3] AndroidManifest.xml:46:13-79
108            android:excludeFromRecents="true"
108-->[com.google.firebase:firebase-auth:20.0.3] AndroidManifest.xml:47:13-46
109            android:exported="true"
109-->[com.google.firebase:firebase-auth:20.0.3] AndroidManifest.xml:48:13-36
110            android:launchMode="singleTask"
110-->[com.google.firebase:firebase-auth:20.0.3] AndroidManifest.xml:49:13-44
111            android:theme="@android:style/Theme.Translucent.NoTitleBar" >
111-->[com.google.firebase:firebase-auth:20.0.3] AndroidManifest.xml:50:13-72
112            <intent-filter>
112-->[com.google.firebase:firebase-auth:20.0.3] AndroidManifest.xml:51:13-61:29
113                <action android:name="android.intent.action.VIEW" />
113-->[com.google.firebase:firebase-auth:20.0.3] AndroidManifest.xml:34:17-69
113-->[com.google.firebase:firebase-auth:20.0.3] AndroidManifest.xml:34:25-66
114
115                <category android:name="android.intent.category.DEFAULT" />
115-->[com.google.firebase:firebase-auth:20.0.3] AndroidManifest.xml:36:17-76
115-->[com.google.firebase:firebase-auth:20.0.3] AndroidManifest.xml:36:27-73
116                <category android:name="android.intent.category.BROWSABLE" />
116-->[com.google.firebase:firebase-auth:20.0.3] AndroidManifest.xml:37:17-78
116-->[com.google.firebase:firebase-auth:20.0.3] AndroidManifest.xml:37:27-75
117
118                <data
118-->[com.google.firebase:firebase-auth:20.0.3] AndroidManifest.xml:39:17-42:51
119                    android:host="firebase.auth"
119-->[com.google.firebase:firebase-auth:20.0.3] AndroidManifest.xml:40:21-49
120                    android:path="/"
120-->[com.google.firebase:firebase-auth:20.0.3] AndroidManifest.xml:41:21-37
121                    android:scheme="recaptcha" />
121-->[com.google.firebase:firebase-auth:20.0.3] AndroidManifest.xml:42:21-48
122            </intent-filter>
123        </activity>
124
125        <service
125-->[com.google.firebase:firebase-auth:20.0.3] AndroidManifest.xml:64:9-73:19
126            android:name="com.google.firebase.auth.api.fallback.service.FirebaseAuthFallbackService"
126-->[com.google.firebase:firebase-auth:20.0.3] AndroidManifest.xml:65:13-101
127            android:enabled="true"
127-->[com.google.firebase:firebase-auth:20.0.3] AndroidManifest.xml:66:13-35
128            android:exported="false" >
128-->[com.google.firebase:firebase-auth:20.0.3] AndroidManifest.xml:67:13-37
129            <intent-filter>
129-->[com.google.firebase:firebase-auth:20.0.3] AndroidManifest.xml:68:13-72:29
130                <action android:name="com.google.firebase.auth.api.gms.service.START" />
130-->[com.google.firebase:firebase-auth:20.0.3] AndroidManifest.xml:69:17-89
130-->[com.google.firebase:firebase-auth:20.0.3] AndroidManifest.xml:69:25-86
131
132                <category android:name="android.intent.category.DEFAULT" />
132-->[com.google.firebase:firebase-auth:20.0.3] AndroidManifest.xml:36:17-76
132-->[com.google.firebase:firebase-auth:20.0.3] AndroidManifest.xml:36:27-73
133            </intent-filter>
134        </service>
135        <service
135-->[com.google.firebase:firebase-auth:20.0.3] AndroidManifest.xml:74:9-80:19
136            android:name="com.google.firebase.components.ComponentDiscoveryService"
136-->[com.google.firebase:firebase-auth:20.0.3] AndroidManifest.xml:75:13-84
137            android:directBootAware="true"
137-->[com.google.firebase:firebase-common:20.0.0] AndroidManifest.xml:35:13-43
138            android:exported="false" >
138-->[com.google.firebase:firebase-auth:20.0.3] AndroidManifest.xml:76:13-37
139            <meta-data
139-->[com.google.firebase:firebase-auth:20.0.3] AndroidManifest.xml:77:13-79:85
140                android:name="com.google.firebase.components:com.google.firebase.auth.FirebaseAuthRegistrar"
140-->[com.google.firebase:firebase-auth:20.0.3] AndroidManifest.xml:78:17-109
141                android:value="com.google.firebase.components.ComponentRegistrar" />
141-->[com.google.firebase:firebase-auth:20.0.3] AndroidManifest.xml:79:17-82
142            <meta-data
142-->[com.google.firebase:firebase-storage:19.2.1] AndroidManifest.xml:33:13-35:85
143                android:name="com.google.firebase.components:com.google.firebase.storage.StorageRegistrar"
143-->[com.google.firebase:firebase-storage:19.2.1] AndroidManifest.xml:34:17-107
144                android:value="com.google.firebase.components.ComponentRegistrar" />
144-->[com.google.firebase:firebase-storage:19.2.1] AndroidManifest.xml:35:17-82
145            <meta-data
145-->[com.google.firebase:firebase-database:19.6.0] AndroidManifest.xml:32:13-34:85
146                android:name="com.google.firebase.components:com.google.firebase.database.DatabaseRegistrar"
146-->[com.google.firebase:firebase-database:19.6.0] AndroidManifest.xml:33:17-109
147                android:value="com.google.firebase.components.ComponentRegistrar" />
147-->[com.google.firebase:firebase-database:19.6.0] AndroidManifest.xml:34:17-82
148            <meta-data
148-->[com.google.firebase:firebase-functions:19.2.0] AndroidManifest.xml:18:13-20:85
149                android:name="com.google.firebase.components:com.google.firebase.functions.FunctionsRegistrar"
149-->[com.google.firebase:firebase-functions:19.2.0] AndroidManifest.xml:19:17-111
150                android:value="com.google.firebase.components.ComponentRegistrar" />
150-->[com.google.firebase:firebase-functions:19.2.0] AndroidManifest.xml:20:17-82
151            <meta-data
151-->[com.google.firebase:firebase-inappmessaging:20.1.0] AndroidManifest.xml:17:13-19:85
152                android:name="com.google.firebase.components:com.google.firebase.inappmessaging.FirebaseInAppMessagingRegistrar"
152-->[com.google.firebase:firebase-inappmessaging:20.1.0] AndroidManifest.xml:18:17-129
153                android:value="com.google.firebase.components.ComponentRegistrar" />
153-->[com.google.firebase:firebase-inappmessaging:20.1.0] AndroidManifest.xml:19:17-82
154            <meta-data
154-->[com.google.firebase:firebase-firestore:22.1.1] AndroidManifest.xml:20:13-22:85
155                android:name="com.google.firebase.components:com.google.firebase.firestore.FirestoreRegistrar"
155-->[com.google.firebase:firebase-firestore:22.1.1] AndroidManifest.xml:21:17-111
156                android:value="com.google.firebase.components.ComponentRegistrar" />
156-->[com.google.firebase:firebase-firestore:22.1.1] AndroidManifest.xml:22:17-82
157            <meta-data
157-->[com.google.firebase:firebase-messaging:21.0.1] AndroidManifest.xml:39:13-41:85
158                android:name="com.google.firebase.components:com.google.firebase.messaging.FirebaseMessagingRegistrar"
158-->[com.google.firebase:firebase-messaging:21.0.1] AndroidManifest.xml:40:17-119
159                android:value="com.google.firebase.components.ComponentRegistrar" />
159-->[com.google.firebase:firebase-messaging:21.0.1] AndroidManifest.xml:41:17-82
160            <meta-data
160-->[com.google.firebase:firebase-datatransport:18.0.1] AndroidManifest.xml:28:13-30:85
161                android:name="com.google.firebase.components:com.google.firebase.datatransport.TransportRegistrar"
161-->[com.google.firebase:firebase-datatransport:18.0.1] AndroidManifest.xml:29:17-115
162                android:value="com.google.firebase.components.ComponentRegistrar" />
162-->[com.google.firebase:firebase-datatransport:18.0.1] AndroidManifest.xml:30:17-82
163            <meta-data
163-->[com.google.firebase:firebase-iid:21.0.1] AndroidManifest.xml:32:13-34:85
164                android:name="com.google.firebase.components:com.google.firebase.iid.Registrar"
164-->[com.google.firebase:firebase-iid:21.0.1] AndroidManifest.xml:33:17-96
165                android:value="com.google.firebase.components.ComponentRegistrar" />
165-->[com.google.firebase:firebase-iid:21.0.1] AndroidManifest.xml:34:17-82
166            <meta-data
166-->[com.google.firebase:firebase-abt:21.0.0] AndroidManifest.xml:13:13-15:85
167                android:name="com.google.firebase.components:com.google.firebase.abt.component.AbtRegistrar"
167-->[com.google.firebase:firebase-abt:21.0.0] AndroidManifest.xml:14:17-109
168                android:value="com.google.firebase.components.ComponentRegistrar" />
168-->[com.google.firebase:firebase-abt:21.0.0] AndroidManifest.xml:15:17-82
169            <meta-data
169-->[com.google.android.gms:play-services-measurement-api:18.0.2] AndroidManifest.xml:30:13-32:85
170                android:name="com.google.firebase.components:com.google.firebase.analytics.connector.internal.AnalyticsConnectorRegistrar"
170-->[com.google.android.gms:play-services-measurement-api:18.0.2] AndroidManifest.xml:31:17-139
171                android:value="com.google.firebase.components.ComponentRegistrar" />
171-->[com.google.android.gms:play-services-measurement-api:18.0.2] AndroidManifest.xml:32:17-82
172            <meta-data
172-->[com.google.firebase:firebase-installations:17.0.0] AndroidManifest.xml:18:13-20:85
173                android:name="com.google.firebase.components:com.google.firebase.installations.FirebaseInstallationsRegistrar"
173-->[com.google.firebase:firebase-installations:17.0.0] AndroidManifest.xml:19:17-127
174                android:value="com.google.firebase.components.ComponentRegistrar" />
174-->[com.google.firebase:firebase-installations:17.0.0] AndroidManifest.xml:20:17-82
175        </service>
176        <!--
177             FirebaseMessagingService performs security checks at runtime,
178             but set to not exported to explicitly avoid allowing another app to call it.
179        -->
180        <service
180-->[com.google.firebase:firebase-messaging:21.0.1] AndroidManifest.xml:28:9-35:19
181            android:name="com.google.firebase.messaging.FirebaseMessagingService"
181-->[com.google.firebase:firebase-messaging:21.0.1] AndroidManifest.xml:29:13-82
182            android:directBootAware="true"
182-->[com.google.firebase:firebase-messaging:21.0.1] AndroidManifest.xml:30:13-43
183            android:exported="false" >
183-->[com.google.firebase:firebase-messaging:21.0.1] AndroidManifest.xml:31:13-37
184            <intent-filter android:priority="-500" >
184-->[com.google.firebase:firebase-messaging:21.0.1] AndroidManifest.xml:32:13-34:29
184-->[com.google.firebase:firebase-messaging:21.0.1] AndroidManifest.xml:32:28-51
185                <action android:name="com.google.firebase.MESSAGING_EVENT" />
185-->[com.google.firebase:firebase-messaging:21.0.1] AndroidManifest.xml:33:17-78
185-->[com.google.firebase:firebase-messaging:21.0.1] AndroidManifest.xml:33:25-75
186            </intent-filter>
187        </service>
188        <service
188-->[com.google.android.datatransport:transport-backend-cct:3.0.0] AndroidManifest.xml:29:9-35:19
189            android:name="com.google.android.datatransport.runtime.backends.TransportBackendDiscovery"
189-->[com.google.android.datatransport:transport-backend-cct:3.0.0] AndroidManifest.xml:30:13-103
190            android:exported="false" >
190-->[com.google.android.datatransport:transport-backend-cct:3.0.0] AndroidManifest.xml:31:13-37
191            <meta-data
191-->[com.google.android.datatransport:transport-backend-cct:3.0.0] AndroidManifest.xml:32:13-34:39
192                android:name="backend:com.google.android.datatransport.cct.CctBackendFactory"
192-->[com.google.android.datatransport:transport-backend-cct:3.0.0] AndroidManifest.xml:33:17-94
193                android:value="cct" />
193-->[com.google.android.datatransport:transport-backend-cct:3.0.0] AndroidManifest.xml:34:17-36
194        </service>
195
196        <receiver
196-->[com.google.firebase:firebase-iid:21.0.1] AndroidManifest.xml:37:9-44:20
197            android:name="com.google.firebase.iid.FirebaseInstanceIdReceiver"
197-->[com.google.firebase:firebase-iid:21.0.1] AndroidManifest.xml:38:13-78
198            android:exported="true"
198-->[com.google.firebase:firebase-iid:21.0.1] AndroidManifest.xml:39:13-36
199            android:permission="com.google.android.c2dm.permission.SEND" >
199-->[com.google.firebase:firebase-iid:21.0.1] AndroidManifest.xml:40:13-73
200            <intent-filter>
200-->[com.google.firebase:firebase-iid:21.0.1] AndroidManifest.xml:41:13-43:29
201                <action android:name="com.google.android.c2dm.intent.RECEIVE" />
201-->[com.google.firebase:firebase-iid:21.0.1] AndroidManifest.xml:42:17-81
201-->[com.google.firebase:firebase-iid:21.0.1] AndroidManifest.xml:42:25-78
202            </intent-filter>
203        </receiver>
204
205        <provider
205-->[com.google.firebase:firebase-common:20.0.0] AndroidManifest.xml:26:9-31:39
206            android:name="com.google.firebase.provider.FirebaseInitProvider"
206-->[com.google.firebase:firebase-common:20.0.0] AndroidManifest.xml:27:13-77
207            android:authorities="com.example.gridlayout.firebaseinitprovider"
207-->[com.google.firebase:firebase-common:20.0.0] AndroidManifest.xml:28:13-72
208            android:directBootAware="true"
208-->[com.google.firebase:firebase-common:20.0.0] AndroidManifest.xml:29:13-43
209            android:exported="false"
209-->[com.google.firebase:firebase-common:20.0.0] AndroidManifest.xml:30:13-37
210            android:initOrder="100" />
210-->[com.google.firebase:firebase-common:20.0.0] AndroidManifest.xml:31:13-36
211
212        <activity
212-->[com.google.android.gms:play-services-base:17.1.0] AndroidManifest.xml:23:9-26:75
213            android:name="com.google.android.gms.common.api.GoogleApiActivity"
213-->[com.google.android.gms:play-services-base:17.1.0] AndroidManifest.xml:24:13-79
214            android:exported="false"
214-->[com.google.android.gms:play-services-base:17.1.0] AndroidManifest.xml:25:13-37
215            android:theme="@android:style/Theme.Translucent.NoTitleBar" />
215-->[com.google.android.gms:play-services-base:17.1.0] AndroidManifest.xml:26:13-72
216
217        <receiver
217-->[com.google.android.gms:play-services-measurement:18.0.2] AndroidManifest.xml:29:9-33:20
218            android:name="com.google.android.gms.measurement.AppMeasurementReceiver"
218-->[com.google.android.gms:play-services-measurement:18.0.2] AndroidManifest.xml:30:13-85
219            android:enabled="true"
219-->[com.google.android.gms:play-services-measurement:18.0.2] AndroidManifest.xml:31:13-35
220            android:exported="false" >
220-->[com.google.android.gms:play-services-measurement:18.0.2] AndroidManifest.xml:32:13-37
221        </receiver>
222
223        <service
223-->[com.google.android.gms:play-services-measurement:18.0.2] AndroidManifest.xml:35:9-38:40
224            android:name="com.google.android.gms.measurement.AppMeasurementService"
224-->[com.google.android.gms:play-services-measurement:18.0.2] AndroidManifest.xml:36:13-84
225            android:enabled="true"
225-->[com.google.android.gms:play-services-measurement:18.0.2] AndroidManifest.xml:37:13-35
226            android:exported="false" />
226-->[com.google.android.gms:play-services-measurement:18.0.2] AndroidManifest.xml:38:13-37
227        <service
227-->[com.google.android.gms:play-services-measurement:18.0.2] AndroidManifest.xml:39:9-43:72
228            android:name="com.google.android.gms.measurement.AppMeasurementJobService"
228-->[com.google.android.gms:play-services-measurement:18.0.2] AndroidManifest.xml:40:13-87
229            android:enabled="true"
229-->[com.google.android.gms:play-services-measurement:18.0.2] AndroidManifest.xml:41:13-35
230            android:exported="false"
230-->[com.google.android.gms:play-services-measurement:18.0.2] AndroidManifest.xml:42:13-37
231            android:permission="android.permission.BIND_JOB_SERVICE" />
231-->[com.google.android.gms:play-services-measurement:18.0.2] AndroidManifest.xml:43:13-69
232
233        <meta-data
233-->[com.google.android.gms:play-services-basement:17.2.1] AndroidManifest.xml:23:9-25:69
234            android:name="com.google.android.gms.version"
234-->[com.google.android.gms:play-services-basement:17.2.1] AndroidManifest.xml:24:13-58
235            android:value="@integer/google_play_services_version" />
235-->[com.google.android.gms:play-services-basement:17.2.1] AndroidManifest.xml:25:13-66
236
237        <service
237-->[com.google.android.datatransport:transport-runtime:3.0.1] AndroidManifest.xml:26:9-30:19
238            android:name="com.google.android.datatransport.runtime.scheduling.jobscheduling.JobInfoSchedulerService"
238-->[com.google.android.datatransport:transport-runtime:3.0.1] AndroidManifest.xml:27:13-117
239            android:exported="false"
239-->[com.google.android.datatransport:transport-runtime:3.0.1] AndroidManifest.xml:28:13-37
240            android:permission="android.permission.BIND_JOB_SERVICE" >
240-->[com.google.android.datatransport:transport-runtime:3.0.1] AndroidManifest.xml:29:13-69
241        </service>
242
243        <receiver
243-->[com.google.android.datatransport:transport-runtime:3.0.1] AndroidManifest.xml:32:9-34:40
244            android:name="com.google.android.datatransport.runtime.scheduling.jobscheduling.AlarmManagerSchedulerBroadcastReceiver"
244-->[com.google.android.datatransport:transport-runtime:3.0.1] AndroidManifest.xml:33:13-132
245            android:exported="false" />
245-->[com.google.android.datatransport:transport-runtime:3.0.1] AndroidManifest.xml:34:13-37
246    </application>
247
248</manifest>